<?xml version="1.0" encoding="UTF-8"?>
<!-- Generated by org.testng.reporters.JUnitXMLReporter -->
<testsuite ignored="0" hostname="shivs-MacBook-Air.local" failures="1" tests="4" name="Default test(failed)" time="0.018" errors="0" timestamp="2024-07-14T13:02:52 IST">
  <testcase classname="day43.TestNGAnnotationsDemo" name="login" time="0.003">
    <failure type="java.lang.AssertionError" message="null">
      <![CDATA[java.lang.AssertionError: null
at day43.TestNGAnnotationsDemo.login(TestNGAnnotationsDemo.java:21)
at java.base/java.util.ArrayList.forEach(ArrayList.java:1511)
... Removed 29 stack frames]]>
    </failure>
  </testcase> <!-- login -->
  <testcase classname="day43.TestNGAnnotationsDemo" name="Advsearch" time="0.0">
    <skipped/>
  </testcase> <!-- Advsearch -->
  <testcase classname="day43.TestNGAnnotationsDemo" name="Search" time="0.0">
    <skipped/>
  </testcase> <!-- Search -->
  <testcase classname="day43.TestNGAnnotationsDemo" name="Lgout" time="0.0">
    <skipped/>
  </testcase> <!-- Lgout -->
</testsuite> <!-- Default test(failed) -->
