<?xml version="1.0" encoding="UTF-8"?>
<!-- Generated by org.testng.reporters.JUnitXMLReporter -->
<testsuite ignored="0" hostname="shivs-MacBook-Air.local" failures="2" tests="18" name="Surefire test" time="6.23" errors="0" timestamp="2024-07-16T20:14:59 IST">
  <testcase classname="day48.LoginTest" name="@BeforeClass setup" time="-1.721141092931E9">
    <failure type="org.testng.TestNGException" message="
Parameter &amp;apos;url&amp;apos; is required by BeforeClass on method setup but has not been marked @Optional or defined
">
      <![CDATA[org.testng.TestNGException: 
Parameter 'url' is required by BeforeClass on method setup but has not been marked @Optional or defined

at java.base/java.util.ArrayList.forEach(ArrayList.java:1597)
... Removed 27 stack frames]]>
    </failure>
  </testcase> <!-- @BeforeClass setup -->
  <testcase classname="day48.LoginTest" name="@AfterClass tearDown" time="0.0">
    <skipped/>
  </testcase> <!-- @AfterClass tearDown -->
  <testcase classname="day48.LoginTest" name="login" time="0.0">
    <failure type="org.testng.TestNGException" message="
Parameter &amp;apos;userName&amp;apos; is required by @Test on method login but has not been marked @Optional or defined
">
      <![CDATA[org.testng.TestNGException: 
Parameter 'userName' is required by @Test on method login but has not been marked @Optional or defined

at java.base/java.util.ArrayList.forEach(ArrayList.java:1597)
... Removed 31 stack frames]]>
    </failure>
  </testcase> <!-- login -->
  <testcase classname="day47.LoginTest" name="loginTest" time="1.484"/>
  <testcase classname="day42.FirstTestCase" name="openApp" time="0.0"/>
  <testcase classname="day42.FirstTestCase" name="loginApp" time="0.0"/>
  <testcase classname="day42.FirstTestCase" name="logout" time="0.0"/>
  <testcase classname="day43.TestNGAnnotationsDemo" name="openApp" time="0.001"/>
  <testcase classname="day43.TestNGAnnotationsDemo" name="login" time="0.0"/>
  <testcase classname="day43.TestNGAnnotationsDemo" name="Search" time="0.002">
    <failure type="java.lang.AssertionError" message="expected [true] but found [false]">
      <![CDATA[java.lang.AssertionError: expected [true] but found [false]
at day43.TestNGAnnotationsDemo.Search(TestNGAnnotationsDemo.java:35)
at java.base/java.util.ArrayList.forEach(ArrayList.java:1597)
... Removed 34 stack frames]]>
    </failure>
  </testcase> <!-- Search -->
  <testcase classname="day43.TestNGAnnotationsDemo" name="Advsearch" time="0.0">
    <skipped/>
  </testcase> <!-- Advsearch -->
  <testcase classname="day43.TestNGAnnotationsDemo" name="Lgout" time="0.0"/>
  <testcase classname="day44.PaymentTests" name="paymentInDollers" time="0.0"/>
  <testcase classname="day44.PaymentTests" name="paymentInRupees" time="0.0"/>
  <testcase classname="day44.LoginTests" name="loginByEmail" time="0.0"/>
  <testcase classname="day44.LoginTests" name="loginByFacebook" time="0.0"/>
  <testcase classname="day44.LoginTests" name="loginByTwitter" time="0.001"/>
  <testcase classname="day44.SignupTests" name="signupByEmail" time="0.0"/>
  <testcase classname="day44.SignupTests" name="signupByFacebook" time="0.0"/>
  <testcase classname="day44.SignupTests" name="signupByTwitter" time="0.0"/>
</testsuite> <!-- Surefire test -->
