<?xml version="1.0" encoding="UTF-8"?>
<!-- Generated by org.testng.reporters.JUnitXMLReporter -->
<testsuite ignored="0" hostname="shivs-MacBook-Air.local" failures="1" tests="3" name="safariTest" time="14.251" errors="0" timestamp="2024-07-15T12:44:59 IST">
  <testcase classname="day45.ParallelTestDemo" name="testLogo" time="0.423">
    <failure type="java.lang.AssertionError" message="expected [true] but found [false]">
      <![CDATA[java.lang.AssertionError: expected [true] but found [false]
at day45.ParallelTestDemo.testLogo(ParallelTestDemo.java:43)
at java.base/java.util.ArrayList.forEach(ArrayList.java:1511)
at java.base/java.util.concurrent.FutureTask.run(FutureTask.java:264)
at java.base/java.util.concurrent.ThreadPoolExecutor.runWorker(ThreadPoolExecutor.java:1136)
at java.base/java.util.concurrent.ThreadPoolExecutor$Worker.run(ThreadPoolExecutor.java:635)
at java.base/java.lang.Thread.run(Thread.java:840)
... Removed 22 stack frames]]>
    </failure>
  </testcase> <!-- testLogo -->
  <testcase classname="day45.ParallelTestDemo" name="testTitle" time="0.006"/>
  <testcase classname="day45.ParallelTestDemo" name="testURL" time="0.003"/>
</testsuite> <!-- safariTest -->
