<?xml version="1.0" encoding="UTF-8"?>
<testng-results ignored="0" total="18" passed="15" failed="2" skipped="1">
  <reporter-output>
  </reporter-output>
  <suite started-at="2024-07-16T20:14:52 IST" name="Surefire suite" finished-at="2024-07-16T20:14:59 IST" duration-ms="6230">
    <groups>
      <group name="functional">
        <method signature="PaymentTests.paymentInDollers()[pri:1, instance:day44.PaymentTests@6f3b5d16]" name="paymentInDollers" class="day44.PaymentTests"/>
        <method signature="PaymentTests.paymentInRupees()[pri:1, instance:day44.PaymentTests@6f3b5d16]" name="paymentInRupees" class="day44.PaymentTests"/>
      </group> <!-- functional -->
      <group name="regression">
        <method signature="PaymentTests.paymentInDollers()[pri:1, instance:day44.PaymentTests@6f3b5d16]" name="paymentInDollers" class="day44.PaymentTests"/>
        <method signature="PaymentTests.paymentInRupees()[pri:1, instance:day44.PaymentTests@6f3b5d16]" name="paymentInRupees" class="day44.PaymentTests"/>
        <method signature="SignupTests.signupByEmail()[pri:1, instance:day44.SignupTests@6646153]" name="signupByEmail" class="day44.SignupTests"/>
        <method signature="SignupTests.signupByFacebook()[pri:2, instance:day44.SignupTests@6646153]" name="signupByFacebook" class="day44.SignupTests"/>
        <method signature="SignupTests.signupByTwitter()[pri:3, instance:day44.SignupTests@6646153]" name="signupByTwitter" class="day44.SignupTests"/>
      </group> <!-- regression -->
      <group name="sanity">
        <method signature="LoginTests.loginByEmail()[pri:1, instance:day44.LoginTests@78b1cc93]" name="loginByEmail" class="day44.LoginTests"/>
        <method signature="PaymentTests.paymentInDollers()[pri:1, instance:day44.PaymentTests@6f3b5d16]" name="paymentInDollers" class="day44.PaymentTests"/>
        <method signature="PaymentTests.paymentInRupees()[pri:1, instance:day44.PaymentTests@6f3b5d16]" name="paymentInRupees" class="day44.PaymentTests"/>
        <method signature="LoginTests.loginByFacebook()[pri:2, instance:day44.LoginTests@78b1cc93]" name="loginByFacebook" class="day44.LoginTests"/>
        <method signature="LoginTests.loginByTwitter()[pri:3, instance:day44.LoginTests@78b1cc93]" name="loginByTwitter" class="day44.LoginTests"/>
      </group> <!-- sanity -->
    </groups>
    <test started-at="2024-07-16T20:14:52 IST" name="Surefire test" finished-at="2024-07-16T20:14:59 IST" duration-ms="6230">
      <class name="day44.PaymentTests">
        <test-method signature="paymentInDollers()[pri:1, instance:day44.PaymentTests@6f3b5d16]" started-at="2024-07-16T20:14:59 IST" name="paymentInDollers" finished-at="2024-07-16T20:14:59 IST" duration-ms="0" status="PASS">
          <reporter-output>
          </reporter-output>
        </test-method> <!-- paymentInDollers -->
        <test-method signature="paymentInRupees()[pri:1, instance:day44.PaymentTests@6f3b5d16]" started-at="2024-07-16T20:14:59 IST" name="paymentInRupees" finished-at="2024-07-16T20:14:59 IST" duration-ms="0" status="PASS">
          <reporter-output>
          </reporter-output>
        </test-method> <!-- paymentInRupees -->
      </class> <!-- day44.PaymentTests -->
      <class name="day47.LoginTest">
        <test-method is-config="true" signature="setup()[pri:0, instance:day47.LoginTest@5906ebcb]" started-at="2024-07-16T20:14:52 IST" name="setup" finished-at="2024-07-16T20:14:57 IST" duration-ms="4593" status="PASS">
          <reporter-output>
          </reporter-output>
        </test-method> <!-- setup -->
        <test-method signature="loginTest()[pri:0, instance:day47.LoginTest@5906ebcb]" started-at="2024-07-16T20:14:57 IST" name="loginTest" finished-at="2024-07-16T20:14:59 IST" duration-ms="1484" status="PASS">
          <reporter-output>
          </reporter-output>
        </test-method> <!-- loginTest -->
        <test-method is-config="true" signature="tearDown()[pri:0, instance:day47.LoginTest@5906ebcb]" started-at="2024-07-16T20:14:59 IST" name="tearDown" finished-at="2024-07-16T20:14:59 IST" duration-ms="119" status="PASS">
          <reporter-output>
          </reporter-output>
        </test-method> <!-- tearDown -->
      </class> <!-- day47.LoginTest -->
      <class name="day43.TestNGAnnotationsDemo">
        <test-method signature="openApp()[pri:1, instance:day43.TestNGAnnotationsDemo@3b938003]" started-at="2024-07-16T20:14:59 IST" name="openApp" finished-at="2024-07-16T20:14:59 IST" duration-ms="1" status="PASS">
          <reporter-output>
          </reporter-output>
        </test-method> <!-- openApp -->
        <test-method signature="login()[pri:2, instance:day43.TestNGAnnotationsDemo@3b938003]" started-at="2024-07-16T20:14:59 IST" name="login" finished-at="2024-07-16T20:14:59 IST" depends-on-methods="day43.TestNGAnnotationsDemo.openApp" duration-ms="0" status="PASS">
          <reporter-output>
          </reporter-output>
        </test-method> <!-- login -->
        <test-method signature="Search()[pri:3, instance:day43.TestNGAnnotationsDemo@3b938003]" started-at="2024-07-16T20:14:59 IST" name="Search" finished-at="2024-07-16T20:14:59 IST" depends-on-methods="day43.TestNGAnnotationsDemo.login" duration-ms="2" status="FAIL">
          <exception class="java.lang.AssertionError">
            <message>
              <![CDATA[expected [true] but found [false]]]>
            </message>
            <full-stacktrace>
              <![CDATA[java.lang.AssertionError: expected [true] but found [false]
at org.testng.Assert.fail(Assert.java:111)
at org.testng.Assert.failNotEquals(Assert.java:1578)
at org.testng.Assert.assertTrue(Assert.java:57)
at org.testng.Assert.assertTrue(Assert.java:67)
at day43.TestNGAnnotationsDemo.Search(TestNGAnnotationsDemo.java:35)
at java.base/jdk.internal.reflect.DirectMethodHandleAccessor.invoke(DirectMethodHandleAccessor.java:103)
at java.base/java.lang.reflect.Method.invoke(Method.java:580)
at org.testng.internal.invokers.MethodInvocationHelper.invokeMethod(MethodInvocationHelper.java:141)
at org.testng.internal.invokers.TestInvoker.invokeMethod(TestInvoker.java:686)
at org.testng.internal.invokers.TestInvoker.invokeTestMethod(TestInvoker.java:230)
at org.testng.internal.invokers.MethodRunner.runInSequence(MethodRunner.java:63)
at org.testng.internal.invokers.TestInvoker$MethodInvocationAgent.invoke(TestInvoker.java:992)
at org.testng.internal.invokers.TestInvoker.invokeTestMethods(TestInvoker.java:203)
at org.testng.internal.invokers.TestMethodWorker.invokeTestMethods(TestMethodWorker.java:154)
at org.testng.internal.invokers.TestMethodWorker.run(TestMethodWorker.java:134)
at java.base/java.util.ArrayList.forEach(ArrayList.java:1597)
at org.testng.TestRunner.privateRun(TestRunner.java:739)
at org.testng.TestRunner.run(TestRunner.java:614)
at org.testng.SuiteRunner.runTest(SuiteRunner.java:421)
at org.testng.SuiteRunner.runSequentially(SuiteRunner.java:413)
at org.testng.SuiteRunner.privateRun(SuiteRunner.java:373)
at org.testng.SuiteRunner.run(SuiteRunner.java:312)
at org.testng.SuiteRunnerWorker.runSuite(SuiteRunnerWorker.java:52)
at org.testng.SuiteRunnerWorker.run(SuiteRunnerWorker.java:95)
at org.testng.TestNG.runSuitesSequentially(TestNG.java:1274)
at org.testng.TestNG.runSuitesLocally(TestNG.java:1208)
at org.testng.TestNG.runSuites(TestNG.java:1112)
at org.testng.TestNG.run(TestNG.java:1079)
at org.apache.maven.surefire.testng.TestNGExecutor.run(TestNGExecutor.java:155)
at org.apache.maven.surefire.testng.TestNGDirectoryTestSuite.executeMulti(TestNGDirectoryTestSuite.java:169)
at org.apache.maven.surefire.testng.TestNGDirectoryTestSuite.execute(TestNGDirectoryTestSuite.java:88)
at org.apache.maven.surefire.testng.TestNGProvider.invoke(TestNGProvider.java:137)
at org.apache.maven.surefire.booter.ForkedBooter.runSuitesInProcess(ForkedBooter.java:385)
at org.apache.maven.surefire.booter.ForkedBooter.execute(ForkedBooter.java:162)
at org.apache.maven.surefire.booter.ForkedBooter.run(ForkedBooter.java:507)
at org.apache.maven.surefire.booter.ForkedBooter.main(ForkedBooter.java:495)
]]>
            </full-stacktrace>
          </exception> <!-- java.lang.AssertionError -->
          <reporter-output>
          </reporter-output>
        </test-method> <!-- Search -->
        <test-method signature="Lgout()[pri:5, instance:day43.TestNGAnnotationsDemo@3b938003]" started-at="2024-07-16T20:14:59 IST" name="Lgout" finished-at="2024-07-16T20:14:59 IST" depends-on-methods="day43.TestNGAnnotationsDemo.login" duration-ms="0" status="PASS">
          <reporter-output>
          </reporter-output>
        </test-method> <!-- Lgout -->
        <test-method signature="Advsearch()[pri:4, instance:day43.TestNGAnnotationsDemo@3b938003]" started-at="2024-07-16T20:14:59 IST" name="Advsearch" finished-at="2024-07-16T20:14:59 IST" depends-on-methods="day43.TestNGAnnotationsDemo.Search, day43.TestNGAnnotationsDemo.login" duration-ms="0" status="SKIP">
          <exception class="java.lang.Throwable">
            <message>
              <![CDATA[Method day43.TestNGAnnotationsDemo.Advsearch() on instance day43.TestNGAnnotationsDemo@3b938003 depends on not successfully finished methods 
[day43.TestNGAnnotationsDemo.Search() on instance day43.TestNGAnnotationsDemo@3b938003
day43.TestNGAnnotationsDemo.login() on instance day43.TestNGAnnotationsDemo@3b938003]]]>
            </message>
            <full-stacktrace>
              <![CDATA[java.lang.Throwable: Method day43.TestNGAnnotationsDemo.Advsearch() on instance day43.TestNGAnnotationsDemo@3b938003 depends on not successfully finished methods 
[day43.TestNGAnnotationsDemo.Search() on instance day43.TestNGAnnotationsDemo@3b938003
day43.TestNGAnnotationsDemo.login() on instance day43.TestNGAnnotationsDemo@3b938003]
at org.testng.internal.invokers.TestInvoker.invokeTestMethods(TestInvoker.java:159)
at org.testng.internal.invokers.TestMethodWorker.invokeTestMethods(TestMethodWorker.java:154)
at org.testng.internal.invokers.TestMethodWorker.run(TestMethodWorker.java:134)
at java.base/java.util.ArrayList.forEach(ArrayList.java:1597)
at org.testng.TestRunner.privateRun(TestRunner.java:739)
at org.testng.TestRunner.run(TestRunner.java:614)
at org.testng.SuiteRunner.runTest(SuiteRunner.java:421)
at org.testng.SuiteRunner.runSequentially(SuiteRunner.java:413)
at org.testng.SuiteRunner.privateRun(SuiteRunner.java:373)
at org.testng.SuiteRunner.run(SuiteRunner.java:312)
at org.testng.SuiteRunnerWorker.runSuite(SuiteRunnerWorker.java:52)
at org.testng.SuiteRunnerWorker.run(SuiteRunnerWorker.java:95)
at org.testng.TestNG.runSuitesSequentially(TestNG.java:1274)
at org.testng.TestNG.runSuitesLocally(TestNG.java:1208)
at org.testng.TestNG.runSuites(TestNG.java:1112)
at org.testng.TestNG.run(TestNG.java:1079)
at org.apache.maven.surefire.testng.TestNGExecutor.run(TestNGExecutor.java:155)
at org.apache.maven.surefire.testng.TestNGDirectoryTestSuite.executeMulti(TestNGDirectoryTestSuite.java:169)
at org.apache.maven.surefire.testng.TestNGDirectoryTestSuite.execute(TestNGDirectoryTestSuite.java:88)
at org.apache.maven.surefire.testng.TestNGProvider.invoke(TestNGProvider.java:137)
at org.apache.maven.surefire.booter.ForkedBooter.runSuitesInProcess(ForkedBooter.java:385)
at org.apache.maven.surefire.booter.ForkedBooter.execute(ForkedBooter.java:162)
at org.apache.maven.surefire.booter.ForkedBooter.run(ForkedBooter.java:507)
at org.apache.maven.surefire.booter.ForkedBooter.main(ForkedBooter.java:495)
]]>
            </full-stacktrace>
          </exception> <!-- java.lang.Throwable -->
          <reporter-output>
          </reporter-output>
        </test-method> <!-- Advsearch -->
      </class> <!-- day43.TestNGAnnotationsDemo -->
      <class name="day44.SignupTests">
        <test-method signature="signupByFacebook()[pri:2, instance:day44.SignupTests@6646153]" started-at="2024-07-16T20:14:59 IST" name="signupByFacebook" finished-at="2024-07-16T20:14:59 IST" duration-ms="0" status="PASS">
          <reporter-output>
          </reporter-output>
        </test-method> <!-- signupByFacebook -->
        <test-method signature="signupByEmail()[pri:1, instance:day44.SignupTests@6646153]" started-at="2024-07-16T20:14:59 IST" name="signupByEmail" finished-at="2024-07-16T20:14:59 IST" duration-ms="0" status="PASS">
          <reporter-output>
          </reporter-output>
        </test-method> <!-- signupByEmail -->
        <test-method signature="signupByTwitter()[pri:3, instance:day44.SignupTests@6646153]" started-at="2024-07-16T20:14:59 IST" name="signupByTwitter" finished-at="2024-07-16T20:14:59 IST" duration-ms="0" status="PASS">
          <reporter-output>
          </reporter-output>
        </test-method> <!-- signupByTwitter -->
      </class> <!-- day44.SignupTests -->
      <class name="day44.LoginTests">
        <test-method signature="loginByTwitter()[pri:3, instance:day44.LoginTests@78b1cc93]" started-at="2024-07-16T20:14:59 IST" name="loginByTwitter" finished-at="2024-07-16T20:14:59 IST" duration-ms="1" status="PASS">
          <reporter-output>
          </reporter-output>
        </test-method> <!-- loginByTwitter -->
        <test-method signature="loginByEmail()[pri:1, instance:day44.LoginTests@78b1cc93]" started-at="2024-07-16T20:14:59 IST" name="loginByEmail" finished-at="2024-07-16T20:14:59 IST" duration-ms="0" status="PASS">
          <reporter-output>
          </reporter-output>
        </test-method> <!-- loginByEmail -->
        <test-method signature="loginByFacebook()[pri:2, instance:day44.LoginTests@78b1cc93]" started-at="2024-07-16T20:14:59 IST" name="loginByFacebook" finished-at="2024-07-16T20:14:59 IST" duration-ms="0" status="PASS">
          <reporter-output>
          </reporter-output>
        </test-method> <!-- loginByFacebook -->
      </class> <!-- day44.LoginTests -->
      <class name="day42.FirstTestCase">
        <test-method signature="openApp()[pri:1, instance:day42.FirstTestCase@258e2e41]" started-at="2024-07-16T20:14:59 IST" name="openApp" finished-at="2024-07-16T20:14:59 IST" duration-ms="0" status="PASS">
          <reporter-output>
          </reporter-output>
        </test-method> <!-- openApp -->
        <test-method signature="loginApp()[pri:2, instance:day42.FirstTestCase@258e2e41]" started-at="2024-07-16T20:14:59 IST" name="loginApp" finished-at="2024-07-16T20:14:59 IST" duration-ms="0" status="PASS">
          <reporter-output>
          </reporter-output>
        </test-method> <!-- loginApp -->
        <test-method signature="logout()[pri:3, instance:day42.FirstTestCase@258e2e41]" started-at="2024-07-16T20:14:59 IST" name="logout" finished-at="2024-07-16T20:14:59 IST" duration-ms="0" status="PASS">
          <reporter-output>
          </reporter-output>
        </test-method> <!-- logout -->
      </class> <!-- day42.FirstTestCase -->
      <class name="day48.LoginTest">
        <test-method is-config="true" signature="setup(java.lang.String)[pri:0, instance:day48.LoginTest@4b168fa9]" started-at="2024-07-16T20:14:52 IST" name="setup" finished-at="1970-01-01T05:30:00 IST" duration-ms="-1721141092931" status="FAIL">
          <exception class="org.testng.TestNGException">
            <message>
              <![CDATA[
Parameter 'url' is required by BeforeClass on method setup but has not been marked @Optional or defined
]]>
            </message>
            <full-stacktrace>
              <![CDATA[org.testng.TestNGException: 
Parameter 'url' is required by BeforeClass on method setup but has not been marked @Optional or defined

at org.testng.internal.Parameters.createParams(Parameters.java:264)
at org.testng.internal.Parameters.createParametersForMethod(Parameters.java:352)
at org.testng.internal.Parameters.createParameters(Parameters.java:690)
at org.testng.internal.Parameters.createConfigurationParameters(Parameters.java:163)
at org.testng.internal.invokers.ConfigInvoker.invokeConfigurations(ConfigInvoker.java:313)
at org.testng.internal.invokers.TestMethodWorker.invokeBeforeClassMethods(TestMethodWorker.java:188)
at org.testng.internal.invokers.TestMethodWorker.run(TestMethodWorker.java:128)
at java.base/java.util.ArrayList.forEach(ArrayList.java:1597)
at org.testng.TestRunner.privateRun(TestRunner.java:739)
at org.testng.TestRunner.run(TestRunner.java:614)
at org.testng.SuiteRunner.runTest(SuiteRunner.java:421)
at org.testng.SuiteRunner.runSequentially(SuiteRunner.java:413)
at org.testng.SuiteRunner.privateRun(SuiteRunner.java:373)
at org.testng.SuiteRunner.run(SuiteRunner.java:312)
at org.testng.SuiteRunnerWorker.runSuite(SuiteRunnerWorker.java:52)
at org.testng.SuiteRunnerWorker.run(SuiteRunnerWorker.java:95)
at org.testng.TestNG.runSuitesSequentially(TestNG.java:1274)
at org.testng.TestNG.runSuitesLocally(TestNG.java:1208)
at org.testng.TestNG.runSuites(TestNG.java:1112)
at org.testng.TestNG.run(TestNG.java:1079)
at org.apache.maven.surefire.testng.TestNGExecutor.run(TestNGExecutor.java:155)
at org.apache.maven.surefire.testng.TestNGDirectoryTestSuite.executeMulti(TestNGDirectoryTestSuite.java:169)
at org.apache.maven.surefire.testng.TestNGDirectoryTestSuite.execute(TestNGDirectoryTestSuite.java:88)
at org.apache.maven.surefire.testng.TestNGProvider.invoke(TestNGProvider.java:137)
at org.apache.maven.surefire.booter.ForkedBooter.runSuitesInProcess(ForkedBooter.java:385)
at org.apache.maven.surefire.booter.ForkedBooter.execute(ForkedBooter.java:162)
at org.apache.maven.surefire.booter.ForkedBooter.run(ForkedBooter.java:507)
at org.apache.maven.surefire.booter.ForkedBooter.main(ForkedBooter.java:495)
]]>
            </full-stacktrace>
          </exception> <!-- org.testng.TestNGException -->
          <reporter-output>
          </reporter-output>
        </test-method> <!-- setup -->
        <test-method signature="login(java.lang.String,java.lang.String,java.lang.String)[pri:0, instance:day48.LoginTest@4b168fa9]" started-at="2024-07-16T20:14:52 IST" name="login" finished-at="2024-07-16T20:14:52 IST" duration-ms="0" status="FAIL">
          <exception class="org.testng.TestNGException">
            <message>
              <![CDATA[
Parameter 'userName' is required by @Test on method login but has not been marked @Optional or defined
]]>
            </message>
            <full-stacktrace>
              <![CDATA[org.testng.TestNGException: 
Parameter 'userName' is required by @Test on method login but has not been marked @Optional or defined

at org.testng.internal.Parameters.createParams(Parameters.java:264)
at org.testng.internal.Parameters.createParametersForMethod(Parameters.java:352)
at org.testng.internal.Parameters.createParameters(Parameters.java:690)
at org.testng.internal.Parameters.handleParameters(Parameters.java:885)
at org.testng.internal.Parameters.handleParameters(Parameters.java:734)
at org.testng.internal.invokers.ParameterHandler.handleParameters(ParameterHandler.java:72)
at org.testng.internal.invokers.ParameterHandler.createParameters(ParameterHandler.java:51)
at org.testng.internal.invokers.TestInvoker$MethodInvocationAgent.invoke(TestInvoker.java:946)
at org.testng.internal.invokers.TestInvoker.invokeTestMethods(TestInvoker.java:203)
at org.testng.internal.invokers.TestMethodWorker.invokeTestMethods(TestMethodWorker.java:154)
at org.testng.internal.invokers.TestMethodWorker.run(TestMethodWorker.java:134)
at java.base/java.util.ArrayList.forEach(ArrayList.java:1597)
at org.testng.TestRunner.privateRun(TestRunner.java:739)
at org.testng.TestRunner.run(TestRunner.java:614)
at org.testng.SuiteRunner.runTest(SuiteRunner.java:421)
at org.testng.SuiteRunner.runSequentially(SuiteRunner.java:413)
at org.testng.SuiteRunner.privateRun(SuiteRunner.java:373)
at org.testng.SuiteRunner.run(SuiteRunner.java:312)
at org.testng.SuiteRunnerWorker.runSuite(SuiteRunnerWorker.java:52)
at org.testng.SuiteRunnerWorker.run(SuiteRunnerWorker.java:95)
at org.testng.TestNG.runSuitesSequentially(TestNG.java:1274)
at org.testng.TestNG.runSuitesLocally(TestNG.java:1208)
at org.testng.TestNG.runSuites(TestNG.java:1112)
at org.testng.TestNG.run(TestNG.java:1079)
at org.apache.maven.surefire.testng.TestNGExecutor.run(TestNGExecutor.java:155)
at org.apache.maven.surefire.testng.TestNGDirectoryTestSuite.executeMulti(TestNGDirectoryTestSuite.java:169)
at org.apache.maven.surefire.testng.TestNGDirectoryTestSuite.execute(TestNGDirectoryTestSuite.java:88)
at org.apache.maven.surefire.testng.TestNGProvider.invoke(TestNGProvider.java:137)
at org.apache.maven.surefire.booter.ForkedBooter.runSuitesInProcess(ForkedBooter.java:385)
at org.apache.maven.surefire.booter.ForkedBooter.execute(ForkedBooter.java:162)
at org.apache.maven.surefire.booter.ForkedBooter.run(ForkedBooter.java:507)
at org.apache.maven.surefire.booter.ForkedBooter.main(ForkedBooter.java:495)
]]>
            </full-stacktrace>
          </exception> <!-- org.testng.TestNGException -->
          <reporter-output>
          </reporter-output>
        </test-method> <!-- login -->
        <test-method is-config="true" signature="tearDown()[pri:0, instance:day48.LoginTest@4b168fa9]" started-at="2024-07-16T20:14:52 IST" name="tearDown" finished-at="2024-07-16T20:14:52 IST" duration-ms="0" status="SKIP">
          <reporter-output>
          </reporter-output>
        </test-method> <!-- tearDown -->
      </class> <!-- day48.LoginTest -->
    </test> <!-- Surefire test -->
  </suite> <!-- Surefire suite -->
</testng-results>
