<?xml version="1.0" encoding="UTF-8"?>
<!-- Generated by org.testng.reporters.JUnitXMLReporter -->
<testsuite ignored="0" hostname="shivs-MacBook-Air.local" failures="1" tests="3" name="Testsafari" time="13.817" errors="0" timestamp="2024-07-15T14:05:45 IST">
  <testcase classname="waste.ParallelexcutionDemo" name="testCurruntURL" time="0.007"/>
  <testcase classname="waste.ParallelexcutionDemo" name="testLogo" time="0.338">
    <failure type="java.lang.AssertionError">
      <![CDATA[java.lang.AssertionError: 
at waste.ParallelexcutionDemo.testLogo(ParallelexcutionDemo.java:40)
at java.base/java.util.ArrayList.forEach(ArrayList.java:1511)
... Removed 30 stack frames]]>
    </failure>
  </testcase> <!-- testLogo -->
  <testcase classname="waste.ParallelexcutionDemo" name="testTitle" time="0.004"/>
</testsuite> <!-- Testsafari -->
