<?xml version="1.0" encoding="UTF-8"?>
<!-- Generated by org.testng.reporters.JUnitXMLReporter -->
<testsuite ignored="0" hostname="shivs-MacBook-Air.local" failures="1" tests="3" name="Testsafari" time="13.869" errors="0" timestamp="2024-07-15T14:09:55 IST">
  <testcase classname="waste.ParallelexcutionDemo" name="testCurruntURL" time="0.005"/>
  <testcase classname="waste.ParallelexcutionDemo" name="testLogo" time="0.352">
    <failure type="java.lang.AssertionError">
      <![CDATA[java.lang.AssertionError: 
at waste.ParallelexcutionDemo.testLogo(ParallelexcutionDemo.java:40)
at java.base/java.util.ArrayList.forEach(ArrayList.java:1511)
at java.base/java.util.concurrent.FutureTask.run(FutureTask.java:264)
at java.base/java.util.concurrent.ThreadPoolExecutor.runWorker(ThreadPoolExecutor.java:1136)
at java.base/java.util.concurrent.ThreadPoolExecutor$Worker.run(ThreadPoolExecutor.java:635)
at java.base/java.lang.Thread.run(Thread.java:840)
... Removed 21 stack frames]]>
    </failure>
  </testcase> <!-- testLogo -->
  <testcase classname="waste.ParallelexcutionDemo" name="testTitle" time="0.007"/>
</testsuite> <!-- Testsafari -->
